<?xml version="1.0" encoding="UTF-8"?>
<!-- Generated by org.testng.reporters.JUnitReportReporter -->
<testsuite hostname="Bhagyashrees-MacBook-Air.local" name="HandsOn.Handson.ExecuteTest" tests="1" failures="0" timestamp="28 May 2019 07:23:01 GMT" time="7.570" errors="0">
  <testcase name="mExcute" time="7.570" classname="HandsOn.Handson.ExecuteTest"/>
</testsuite> <!-- HandsOn.Handson.ExecuteTest -->
