<?xml version="1.0" encoding="UTF-8"?>
<!-- Generated by org.testng.reporters.JUnitReportReporter -->
<testsuite hostname="Bhagyashrees-MacBook-Air.local" name="HandsOn.Handson.ExecuteTest" tests="1" failures="0" timestamp="27 May 2019 17:45:45 GMT" time="6.679" errors="0">
  <testcase name="mExcute" time="6.679" classname="HandsOn.Handson.ExecuteTest"/>
</testsuite> <!-- HandsOn.Handson.ExecuteTest -->
