<?xml version="1.0" encoding="UTF-8"?>
<!-- Generated by org.testng.reporters.JUnitReportReporter -->
<testsuite hostname="Bhagyashrees-MacBook-Air.local" name="HandsOn.Handson.ExecuteTest" tests="1" failures="0" timestamp="27 May 2019 18:11:17 GMT" time="5.338" errors="0">
  <testcase name="mExcute" time="5.338" classname="HandsOn.Handson.ExecuteTest"/>
</testsuite> <!-- HandsOn.Handson.ExecuteTest -->
